<?xml version="1.0" encoding="UTF-8"?>
<!-- Generated by org.testng.reporters.JUnitXMLReporter -->
<testsuite ignored="0" hostname="ICS-LT-7T7X8C3" failures="0" tests="2" name="Test" time="12.642" errors="0" timestamp="2025-06-03T19:43:00 IST">
  <testcase classname="testCases.TC002_VerifyMyAccountDisplayed" name="verifyVerifyMyAccountDisplayed" time="1.256"/>
  <testcase classname="testCases.TC001_AccountRegistration" name="Verify_Account_Registration" time="1.729"/>
</testsuite> <!-- Test -->
