<?xml version="1.0" encoding="UTF-8"?>
<testng-results ignored="0" total="1" passed="1" failed="0" skipped="0">
  <reporter-output>
  </reporter-output>
  <suite started-at="2025-06-03T18:41:47 IST" name="Suite" finished-at="2025-06-03T18:41:57 IST" duration-ms="9581">
    <groups>
      <group name="smoke">
        <method signature="TC001_AccountRegistration.Verify_Account_Registration()[pri:1, instance:testCases.TC001_AccountRegistration@6187d1f5]" name="Verify_Account_Registration" class="testCases.TC001_AccountRegistration"/>
      </group> <!-- smoke -->
      <group name="master">
        <method signature="TC001_AccountRegistration.Verify_Account_Registration()[pri:1, instance:testCases.TC001_AccountRegistration@6187d1f5]" name="Verify_Account_Registration" class="testCases.TC001_AccountRegistration"/>
      </group> <!-- master -->
    </groups>
    <test started-at="2025-06-03T18:41:47 IST" name="Test" finished-at="2025-06-03T18:41:57 IST" duration-ms="9581">
      <class name="testCases.TC001_AccountRegistration">
        <test-method is-config="true" signature="setup(java.lang.String,java.lang.String)[pri:0, instance:testCases.TC001_AccountRegistration@6187d1f5]" started-at="2025-06-03T18:41:47 IST" name="setup" finished-at="2025-06-03T18:41:55 IST" duration-ms="7293" status="PASS">
          <params>
            <param index="0">
              <value>
                <![CDATA[chrome]]>
              </value>
            </param>
            <param index="1">
              <value>
                <![CDATA[windows]]>
              </value>
            </param>
          </params>
          <reporter-output>
          </reporter-output>
        </test-method> <!-- setup -->
        <test-method signature="Verify_Account_Registration()[pri:1, instance:testCases.TC001_AccountRegistration@6187d1f5]" started-at="2025-06-03T18:41:55 IST" name="Verify_Account_Registration" finished-at="2025-06-03T18:41:56 IST" duration-ms="1763" status="PASS">
          <reporter-output>
          </reporter-output>
        </test-method> <!-- Verify_Account_Registration -->
        <test-method is-config="true" signature="teardown()[pri:0, instance:testCases.TC001_AccountRegistration@6187d1f5]" started-at="2025-06-03T18:41:56 IST" name="teardown" finished-at="2025-06-03T18:41:57 IST" duration-ms="270" status="PASS">
          <reporter-output>
          </reporter-output>
        </test-method> <!-- teardown -->
      </class> <!-- testCases.TC001_AccountRegistration -->
    </test> <!-- Test -->
  </suite> <!-- Suite -->
</testng-results>
